# JRE version: OpenJDK Runtime Environment Temurin-21.0.2+13 (21.0.2+13) (build 21.0.2+13-LTS)
# Java VM: OpenJDK 64-Bit Server VM Temurin-21.0.2+13 (21.0.2+13-LTS, mixed mode, emulated-client, sharing, tiered, compressed oops, compressed class ptrs, g1 gc, windows-amd64)
GC Precious Log:
 CardTable entry size: 512
 Card Set container configuration: InlinePtr #cards 4 size 8 Array Of Cards #cards 16 size 48 Howl #buckets 8 coarsen threshold 3686 Howl Bitmap #cards 512 size 80 coarsen threshold 460 Card regions per heap region 1 cards per card region 4096
 CPUs: 8 total, 8 available
 Memory: 16329M
 Large Page Support: Disabled
 NUMA Support: Disabled
 Compressed Oops: Enabled (Zero based)
 Heap Region Size: 2M
 Heap Min Capacity: 8M
 Heap Initial Capacity: 256M
 Heap Max Capacity: 4084M
 Pre-touch: Disabled
 Parallel Workers: 8
 Concurrent Workers: 2
 Concurrent Refinement Workers: 8
 Periodic GC: Disabled
Heap:
 garbage-first heap   total 110592K, used 81408K [0x0000000700c00000, 0x0000000800000000)
  region size 2048K, 27 young (55296K), 0 survivors (0K)
 Metaspace       used 84355K, committed 85248K, reserved 1179648K
  class space    used 11500K, committed 11904K, reserved 1048576K
GC Heap History (20 events):
Event: 775.812 GC heap before
{Heap before GC invocations=40 (full 10):
 garbage-first heap   total 110592K, used 91913K [0x0000000700c00000, 0x0000000800000000)
  region size 2048K, 29 young (59392K), 0 survivors (0K)
 Metaspace       used 82627K, committed 83456K, reserved 1179648K
  class space    used 11352K, committed 11712K, reserved 1048576K
}
Event: 775.815 GC heap after
{Heap after GC invocations=41 (full 10):
 garbage-first heap   total 110592K, used 37288K [0x0000000700c00000, 0x0000000800000000)
  region size 2048K, 3 young (6144K), 3 survivors (6144K)
 Metaspace       used 82627K, committed 83456K, reserved 1179648K
  class space    used 11352K, committed 11712K, reserved 1048576K
}
Event: 790.731 GC heap before
{Heap before GC invocations=41 (full 10):
 garbage-first heap   total 110592K, used 70056K [0x0000000700c00000, 0x0000000800000000)
  region size 2048K, 20 young (40960K), 3 survivors (6144K)
 Metaspace       used 82853K, committed 83648K, reserved 1179648K
  class space    used 11370K, committed 11712K, reserved 1048576K
}
Event: 790.782 GC heap after
{Heap after GC invocations=42 (full 11):
 garbage-first heap   total 110592K, used 32474K [0x0000000700c00000, 0x0000000800000000)
  region size 2048K, 0 young (0K), 0 survivors (0K)
 Metaspace       used 82819K, committed 83648K, reserved 1179648K
  class space    used 11362K, committed 11712K, reserved 1048576K
}
Event: 791.442 GC heap before
{Heap before GC invocations=42 (full 11):
 garbage-first heap   total 110592K, used 91866K [0x0000000700c00000, 0x0000000800000000)
  region size 2048K, 30 young (61440K), 0 survivors (0K)
 Metaspace       used 83055K, committed 83840K, reserved 1179648K
  class space    used 11384K, committed 11712K, reserved 1048576K
}
Event: 791.446 GC heap after
{Heap after GC invocations=43 (full 11):
 garbage-first heap   total 110592K, used 37441K [0x0000000700c00000, 0x0000000800000000)
  region size 2048K, 3 young (6144K), 3 survivors (6144K)
 Metaspace       used 83055K, committed 83840K, reserved 1179648K
  class space    used 11384K, committed 11712K, reserved 1048576K
}
Event: 825.929 GC heap before
{Heap before GC invocations=43 (full 11):
 garbage-first heap   total 110592K, used 64065K [0x0000000700c00000, 0x0000000800000000)
  region size 2048K, 18 young (36864K), 3 survivors (6144K)
 Metaspace       used 83281K, committed 84096K, reserved 1179648K
  class space    used 11405K, committed 11776K, reserved 1048576K
}
Event: 825.987 GC heap after
{Heap after GC invocations=44 (full 12):
 garbage-first heap   total 110592K, used 32760K [0x0000000700c00000, 0x0000000800000000)
  region size 2048K, 0 young (0K), 0 survivors (0K)
 Metaspace       used 83275K, committed 84096K, reserved 1179648K
  class space    used 11404K, committed 11776K, reserved 1048576K
}
Event: 826.580 GC heap before
{Heap before GC invocations=44 (full 12):
 garbage-first heap   total 110592K, used 92152K [0x0000000700c00000, 0x0000000800000000)
  region size 2048K, 30 young (61440K), 0 survivors (0K)
 Metaspace       used 83522K, committed 84352K, reserved 1179648K
  class space    used 11427K, committed 11776K, reserved 1048576K
}
Event: 826.583 GC heap after
{Heap after GC invocations=45 (full 12):
 garbage-first heap   total 110592K, used 37525K [0x0000000700c00000, 0x0000000800000000)
  region size 2048K, 3 young (6144K), 3 survivors (6144K)
 Metaspace       used 83522K, committed 84352K, reserved 1179648K
  class space    used 11427K, committed 11776K, reserved 1048576K
}
Event: 967.968 GC heap before
{Heap before GC invocations=45 (full 12):
 garbage-first heap   total 110592K, used 70293K [0x0000000700c00000, 0x0000000800000000)
  region size 2048K, 21 young (43008K), 3 survivors (6144K)
 Metaspace       used 83756K, committed 84608K, reserved 1179648K
  class space    used 11448K, committed 11840K, reserved 1048576K
}
Event: 968.020 GC heap after
{Heap after GC invocations=46 (full 13):
 garbage-first heap   total 110592K, used 32927K [0x0000000700c00000, 0x0000000800000000)
  region size 2048K, 0 young (0K), 0 survivors (0K)
 Metaspace       used 83750K, committed 84608K, reserved 1179648K
  class space    used 11447K, committed 11840K, reserved 1048576K
}
Event: 968.612 GC heap before
{Heap before GC invocations=46 (full 13):
 garbage-first heap   total 110592K, used 92319K [0x0000000700c00000, 0x0000000800000000)
  region size 2048K, 30 young (61440K), 0 survivors (0K)
 Metaspace       used 83981K, committed 84864K, reserved 1179648K
  class space    used 11466K, committed 11840K, reserved 1048576K
}
Event: 968.615 GC heap after
{Heap after GC invocations=47 (full 13):
 garbage-first heap   total 110592K, used 37695K [0x0000000700c00000, 0x0000000800000000)
  region size 2048K, 3 young (6144K), 3 survivors (6144K)
 Metaspace       used 83981K, committed 84864K, reserved 1179648K
  class space    used 11466K, committed 11840K, reserved 1048576K
}
Event: 973.275 GC heap before
{Heap before GC invocations=47 (full 13):
 garbage-first heap   total 110592K, used 58175K [0x0000000700c00000, 0x0000000800000000)
  region size 2048K, 14 young (28672K), 3 survivors (6144K)
 Metaspace       used 84037K, committed 84864K, reserved 1179648K
  class space    used 11469K, committed 11840K, reserved 1048576K
}
Event: 973.324 GC heap after
{Heap after GC invocations=48 (full 14):
 garbage-first heap   total 110592K, used 29977K [0x0000000700c00000, 0x0000000800000000)
  region size 2048K, 0 young (0K), 0 survivors (0K)
 Metaspace       used 84018K, committed 84864K, reserved 1179648K
  class space    used 11466K, committed 11840K, reserved 1048576K
}
Event: 973.879 GC heap before
{Heap before GC invocations=48 (full 14):
 garbage-first heap   total 110592K, used 89369K [0x0000000700c00000, 0x0000000800000000)
  region size 2048K, 30 young (61440K), 0 survivors (0K)
 Metaspace       used 84250K, committed 85120K, reserved 1179648K
  class space    used 11486K, committed 11904K, reserved 1048576K
}
Event: 973.882 GC heap after
{Heap after GC invocations=49 (full 14):
 garbage-first heap   total 110592K, used 34850K [0x0000000700c00000, 0x0000000800000000)
  region size 2048K, 3 young (6144K), 3 survivors (6144K)
 Metaspace       used 84250K, committed 85120K, reserved 1179648K
  class space    used 11486K, committed 11904K, reserved 1048576K
}
Event: 988.814 GC heap before
{Heap before GC invocations=49 (full 14):
 garbage-first heap   total 110592K, used 55330K [0x0000000700c00000, 0x0000000800000000)
  region size 2048K, 14 young (28672K), 3 survivors (6144K)
 Metaspace       used 84275K, committed 85184K, reserved 1179648K
  class space    used 11490K, committed 11904K, reserved 1048576K
}
Event: 988.874 GC heap after
{Heap after GC invocations=50 (full 15):
 garbage-first heap   total 110592K, used 30208K [0x0000000700c00000, 0x0000000800000000)
  region size 2048K, 0 young (0K), 0 survivors (0K)
 Metaspace       used 84269K, committed 85184K, reserved 1179648K
  class space    used 11489K, committed 11904K, reserved 1048576K
}

